[35m[Appium][39m Welcome to Appium v1.22.3
[35m[Appium][39m Non-default server args:
[35m[Appium][39m   port: 56526
[35m[Appium][39m   loglevel: info
[35m[Appium][39m   tmpDir: C:\Users\Nextsix\AppData\Local\Temp\\Katalon\Appium\Temp1717127006545
[35m[Appium][39m   chromedriverPort: 56528
[35m[Appium][39m Deprecated server args:
[35m[Appium][39m   [31m--chromedriver-port[39m => --default-capabilities
[35m[Appium][39m Default capabilities, which will be added to each request unless overridden by desired capabilities:
[35m[Appium][39m   chromedriverPort: 56528
[35m[Appium][39m Appium REST http interface listener started on 0.0.0.0:56526
[35m[HTTP][39m [37m-->[39m [37mGET[39m [37m/wd/hub/status[39m
[35m[HTTP][39m [90m{}[39m
[35m[HTTP][39m [37m<-- GET /wd/hub/status [39m[32m200[39m [90m5 ms - 68[39m
[35m[HTTP][39m [90m[39m
[35m[HTTP][39m [37m-->[39m [37mGET[39m [37m/wd/hub/status[39m
[35m[HTTP][39m [90m{}[39m
[35m[HTTP][39m [37m<-- GET /wd/hub/status [39m[32m200[39m [90m1 ms - 68[39m
[35m[HTTP][39m [90m[39m
[35m[HTTP][39m [37m-->[39m [37mPOST[39m [37m/wd/hub/session[39m
[35m[HTTP][39m [90m{"desiredCapabilities":{"appActivity":".Settings","appPackage":"com.android.settings","newCommandTimeout":1800,"platformVersion":"11","automationName":"uiautomator2","autoGrantPermissions":true,"platformName":"Android","udid":"a819ec3e","deviceName":"OPPO CPH2059 (Android 11)","platform":"ANDROID","systemPort":8264},"capabilities":{"firstMatch":[{"appium:appActivity":".Settings","appium:appPackage":"com.android.settings","appium:autoGrantPermissions":true,"appium:automationName":"uiautomator2","appium:deviceName":"OPPO CPH2059 (Android 11)","appium:newCommandTimeout":1800,"platform":"ANDROID","platformName":"android","appium:platformVersion":"11","appium:systemPort":8264,"appium:udid":"a819ec3e"}]}}[39m
[35m[BaseDriver][39m The following capabilities are not standard capabilities and should have an extension prefix:
[35m[BaseDriver][39m   platform
[35m[BaseDriver][39m   chromedriverPort
[35m[Appium][39m Appium v1.22.3 creating new AndroidUiautomator2Driver (v1.70.1) session
[35m[BaseDriver][39m The following capabilities were provided, but are not recognized by Appium:
[35m[BaseDriver][39m   platform
[35m[BaseDriver][39m Session created with session id: ac6d8fbf-c1c5-4702-aa65-eb985938e238
[35m[UiAutomator2][39m Starting 'com.android.settings' directly on the device
[35m[ADB][39m Found 1 'build-tools' folders under 'C:\Users\Nextsix\.katalon\tools\android_sdk' (newest first):
[35m[ADB][39m     C:/Users/Nextsix/.katalon/tools/android_sdk/build-tools/29.0.3
[35m[ADB][39m Using 'adb.exe' from 'C:\Users\Nextsix\.katalon\tools\android_sdk\platform-tools\adb.exe'
[35m[AndroidDriver][39m Retrieving device list
[35m[AndroidDriver][39m Using device: a819ec3e
[35m[ADB][39m Using 'adb.exe' from 'C:\Users\Nextsix\.katalon\tools\android_sdk\platform-tools\adb.exe'
[35m[ADB][39m Getting device platform version
[35m[UiAutomator2][39m Relaxing hidden api policy
[35m[AndroidDriver][39m No app sent in, not parsing package/activity
[35m[ADB][39m Using 'apksigner.jar' from 'C:\Users\Nextsix\.katalon\tools\android_sdk\build-tools\29.0.3\lib\apksigner.jar'
[35m[ADB][39m 'C:\Users\Nextsix\AppData\Roaming\npm\node_modules\appium\node_modules\appium-uiautomator2-server\apks\appium-uiautomator2-server-v4.27.0.apk' is signed with the default certificate
[35m[ADB][39m 'C:\Users\Nextsix\AppData\Roaming\npm\node_modules\appium\node_modules\appium-uiautomator2-server\apks\appium-uiautomator2-server-debug-androidTest.apk' is signed with the default certificate
[35m[UiAutomator2][39m Server packages are not going to be (re)installed
[35m[ADB][39m Adding packages ["io.appium.settings","io.appium.uiautomator2.server","io.appium.uiautomator2.server.test"] to Doze whitelist
[35m[UiAutomator2][39m Starting UIAutomator2 server 4.27.0
[35m[UiAutomator2][39m Using UIAutomator2 server from 'C:\Users\Nextsix\AppData\Roaming\npm\node_modules\appium\node_modules\appium-uiautomator2-server\apks\appium-uiautomator2-server-v4.27.0.apk' and test from 'C:\Users\Nextsix\AppData\Roaming\npm\node_modules\appium\node_modules\appium-uiautomator2-server\apks\appium-uiautomator2-server-debug-androidTest.apk'
[35m[UiAutomator2][39m Waiting up to 30000ms for UiAutomator2 to be online...
[35m[WD Proxy][39m socket hang up
[35m[WD Proxy][39m socket hang up
[35m[WD Proxy][39m socket hang up
[35m[WD Proxy][39m Determined the downstream protocol as 'W3C'
[35m[AndroidDriver][39m Screen already unlocked, doing nothing
[35m[UiAutomator2][39m Starting 'com.android.settings/.Settings and waiting for 'com.android.settings/.Settings'
[35m[Appium][39m New AndroidUiautomator2Driver session created successfully, session ac6d8fbf-c1c5-4702-aa65-eb985938e238 added to master session list
[35m[HTTP][39m [37m<-- POST /wd/hub/session [39m[32m200[39m [90m10225 ms - 1136[39m
[35m[HTTP][39m [90m[39m
[35m[HTTP][39m [37m-->[39m [37mGET[39m [37m/wd/hub/session/ac6d8fbf-c1c5-4702-aa65-eb985938e238[39m
[35m[HTTP][39m [90m{}[39m
[35m[HTTP][39m [37m<-- GET /wd/hub/session/ac6d8fbf-c1c5-4702-aa65-eb985938e238 [39m[32m200[39m [90m15 ms - 1090[39m
[35m[HTTP][39m [90m[39m
[35m[HTTP][39m [37m-->[39m [37mGET[39m [37m/wd/hub/session/ac6d8fbf-c1c5-4702-aa65-eb985938e238[39m
[35m[HTTP][39m [90m{}[39m
[35m[HTTP][39m [37m<-- GET /wd/hub/session/ac6d8fbf-c1c5-4702-aa65-eb985938e238 [39m[32m200[39m [90m15 ms - 1090[39m
[35m[HTTP][39m [90m[39m
[35m[HTTP][39m [37m-->[39m [37mGET[39m [37m/wd/hub/status[39m
[35m[HTTP][39m [90m{}[39m
[35m[HTTP][39m [37m<-- GET /wd/hub/status [39m[32m200[39m [90m1 ms - 68[39m
[35m[HTTP][39m [90m[39m
[35m[HTTP][39m [37m-->[39m [37mPOST[39m [37m/wd/hub/session/ac6d8fbf-c1c5-4702-aa65-eb985938e238/timeouts[39m
[35m[HTTP][39m [90m{"implicit":60000}[39m
[35m[HTTP][39m [37m<-- POST /wd/hub/session/ac6d8fbf-c1c5-4702-aa65-eb985938e238/timeouts [39m[32m200[39m [90m4 ms - 14[39m
[35m[HTTP][39m [90m[39m
[35m[HTTP][39m [37m-->[39m [37mGET[39m [37m/wd/hub/session/ac6d8fbf-c1c5-4702-aa65-eb985938e238/screenshot[39m
[35m[HTTP][39m [90m{}[39m
[35m[HTTP][39m [37m<-- GET /wd/hub/session/ac6d8fbf-c1c5-4702-aa65-eb985938e238/screenshot [39m[32m200[39m [90m784 ms - 193588[39m
[35m[HTTP][39m [90m[39m
[35m[HTTP][39m [37m-->[39m [37mGET[39m [37m/wd/hub/session/ac6d8fbf-c1c5-4702-aa65-eb985938e238/window/rect[39m
[35m[HTTP][39m [90m{}[39m
[35m[HTTP][39m [37m<-- GET /wd/hub/session/ac6d8fbf-c1c5-4702-aa65-eb985938e238/window/rect [39m[32m200[39m [90m37 ms - 50[39m
[35m[HTTP][39m [90m[39m
[35m[HTTP][39m [37m-->[39m [37mGET[39m [37m/wd/hub/session/ac6d8fbf-c1c5-4702-aa65-eb985938e238/appium/device/system_bars[39m
[35m[HTTP][39m [90m{}[39m
[35m[HTTP][39m [37m<-- GET /wd/hub/session/ac6d8fbf-c1c5-4702-aa65-eb985938e238/appium/device/system_bars [39m[32m200[39m [90m122 ms - 149[39m
[35m[HTTP][39m [90m[39m
[35m[HTTP][39m [37m-->[39m [37mPOST[39m [37m/wd/hub/session/ac6d8fbf-c1c5-4702-aa65-eb985938e238/appium/device/activate_app[39m
[35m[HTTP][39m [90m{"bundleId":"com.nextsix.property"}[39m
[35m[HTTP][39m [37m<-- POST /wd/hub/session/ac6d8fbf-c1c5-4702-aa65-eb985938e238/appium/device/activate_app [39m[32m200[39m [90m667 ms - 14[39m
[35m[HTTP][39m [90m[39m
[35m[HTTP][39m [37m-->[39m [37mGET[39m [37m/wd/hub/session/ac6d8fbf-c1c5-4702-aa65-eb985938e238/source[39m
[35m[HTTP][39m [90m{}[39m
[35m[W3C (ac6d8fbf)][39m Driver proxy active, passing request on via HTTP proxy
[35m[WD Proxy][39m Replacing sessionId 488a62d1-18d3-491a-9f28-0a25f2be74c7 with ac6d8fbf-c1c5-4702-aa65-eb985938e238
[35m[HTTP][39m [37m<-- GET /wd/hub/session/ac6d8fbf-c1c5-4702-aa65-eb985938e238/source [39m[32m200[39m [90m1111 ms - 50785[39m
[35m[HTTP][39m [90m[39m
[35m[HTTP][39m [37m-->[39m [37mGET[39m [37m/wd/hub/session/ac6d8fbf-c1c5-4702-aa65-eb985938e238/screenshot[39m
[35m[HTTP][39m [90m{}[39m
[35m[HTTP][39m [37m<-- GET /wd/hub/session/ac6d8fbf-c1c5-4702-aa65-eb985938e238/screenshot [39m[32m200[39m [90m1248 ms - 1393470[39m
[35m[HTTP][39m [90m[39m
[35m[HTTP][39m [37m-->[39m [37mGET[39m [37m/wd/hub/session/ac6d8fbf-c1c5-4702-aa65-eb985938e238/source[39m
[35m[HTTP][39m [90m{}[39m
[35m[W3C (ac6d8fbf)][39m Driver proxy active, passing request on via HTTP proxy
[35m[WD Proxy][39m Replacing sessionId 488a62d1-18d3-491a-9f28-0a25f2be74c7 with ac6d8fbf-c1c5-4702-aa65-eb985938e238
[35m[HTTP][39m [37m<-- GET /wd/hub/session/ac6d8fbf-c1c5-4702-aa65-eb985938e238/source [39m[32m200[39m [90m207 ms - 50785[39m
[35m[HTTP][39m [90m[39m
[35m[HTTP][39m [37m-->[39m [37mGET[39m [37m/wd/hub/session/ac6d8fbf-c1c5-4702-aa65-eb985938e238/screenshot[39m
[35m[HTTP][39m [90m{}[39m
[35m[HTTP][39m [37m<-- GET /wd/hub/session/ac6d8fbf-c1c5-4702-aa65-eb985938e238/screenshot [39m[32m200[39m [90m1219 ms - 1393470[39m
[35m[HTTP][39m [90m[39m
[35m[HTTP][39m [37m-->[39m [37mPOST[39m [37m/wd/hub/session/ac6d8fbf-c1c5-4702-aa65-eb985938e238/elements[39m
[35m[HTTP][39m [90m{"using":"xpath","value":"//*[@class = 'android.widget.TextView' and (@text = '1Harmonis Condominium' or . = '1Harmonis Condominium')]"}[39m
[35m[HTTP][39m [37m<-- POST /wd/hub/session/ac6d8fbf-c1c5-4702-aa65-eb985938e238/elements [39m[32m200[39m [90m1158 ms - 139[39m
[35m[HTTP][39m [90m[39m
[35m[HTTP][39m [37m-->[39m [37mGET[39m [37m/wd/hub/session/ac6d8fbf-c1c5-4702-aa65-eb985938e238/window/rect[39m
[35m[HTTP][39m [90m{}[39m
[35m[HTTP][39m [37m<-- GET /wd/hub/session/ac6d8fbf-c1c5-4702-aa65-eb985938e238/window/rect [39m[32m200[39m [90m14 ms - 50[39m
[35m[HTTP][39m [90m[39m
[35m[HTTP][39m [37m-->[39m [37mPOST[39m [37m/wd/hub/session/ac6d8fbf-c1c5-4702-aa65-eb985938e238/elements[39m
[35m[HTTP][39m [90m{"using":"xpath","value":"//*[@class = 'android.widget.TextView' and (@text = '1Harmonis Condominium' or . = '1Harmonis Condominium')]"}[39m
[35m[HTTP][39m [37m<-- POST /wd/hub/session/ac6d8fbf-c1c5-4702-aa65-eb985938e238/elements [39m[32m200[39m [90m252 ms - 139[39m
[35m[HTTP][39m [90m[39m
[35m[HTTP][39m [37m-->[39m [37mGET[39m [37m/wd/hub/session/ac6d8fbf-c1c5-4702-aa65-eb985938e238/element/00000000-0000-0b0a-ffff-ffff0000014a/location[39m
[35m[HTTP][39m [90m{}[39m
[35m[W3C (ac6d8fbf)][39m Driver proxy active, passing request on via HTTP proxy
[35m[WD Proxy][39m Replacing sessionId 488a62d1-18d3-491a-9f28-0a25f2be74c7 with ac6d8fbf-c1c5-4702-aa65-eb985938e238
[35m[HTTP][39m [37m<-- GET /wd/hub/session/ac6d8fbf-c1c5-4702-aa65-eb985938e238/element/00000000-0000-0b0a-ffff-ffff0000014a/location [39m[32m200[39m [90m30 ms - 79[39m
[35m[HTTP][39m [90m[39m
[35m[HTTP][39m [37m-->[39m [37mPOST[39m [37m/wd/hub/session/ac6d8fbf-c1c5-4702-aa65-eb985938e238/element/00000000-0000-0b0a-ffff-ffff0000014a/click[39m
[35m[HTTP][39m [90m{"id":"00000000-0000-0b0a-ffff-ffff0000014a"}[39m
[35m[HTTP][39m [37m<-- POST /wd/hub/session/ac6d8fbf-c1c5-4702-aa65-eb985938e238/element/00000000-0000-0b0a-ffff-ffff0000014a/click [39m[32m200[39m [90m83 ms - 14[39m
[35m[HTTP][39m [90m[39m
[35m[HTTP][39m [37m-->[39m [37mGET[39m [37m/wd/hub/session/ac6d8fbf-c1c5-4702-aa65-eb985938e238/source[39m
[35m[HTTP][39m [90m{}[39m
[35m[W3C (ac6d8fbf)][39m Driver proxy active, passing request on via HTTP proxy
[35m[WD Proxy][39m Replacing sessionId 488a62d1-18d3-491a-9f28-0a25f2be74c7 with ac6d8fbf-c1c5-4702-aa65-eb985938e238
[35m[HTTP][39m [37m<-- GET /wd/hub/session/ac6d8fbf-c1c5-4702-aa65-eb985938e238/source [39m[32m200[39m [90m1881 ms - 42152[39m
[35m[HTTP][39m [90m[39m
[35m[HTTP][39m [37m-->[39m [37mGET[39m [37m/wd/hub/session/ac6d8fbf-c1c5-4702-aa65-eb985938e238/screenshot[39m
[35m[HTTP][39m [90m{}[39m
[35m[HTTP][39m [37m<-- GET /wd/hub/session/ac6d8fbf-c1c5-4702-aa65-eb985938e238/screenshot [39m[32m200[39m [90m1506 ms - 1552562[39m
[35m[HTTP][39m [90m[39m
[35m[HTTP][39m [37m-->[39m [37mPOST[39m [37m/wd/hub/session/ac6d8fbf-c1c5-4702-aa65-eb985938e238/elements[39m
[35m[HTTP][39m [90m{"using":"xpath","value":"//*[@class = 'android.widget.TextView' and (@text = '1Harmonis Condominium' or . = '1Harmonis Condominium')]"}[39m
[35m[HTTP][39m [37m<-- POST /wd/hub/session/ac6d8fbf-c1c5-4702-aa65-eb985938e238/elements [39m[32m200[39m [90m244 ms - 139[39m
[35m[HTTP][39m [90m[39m
[35m[HTTP][39m [37m-->[39m [37mPOST[39m [37m/wd/hub/session/ac6d8fbf-c1c5-4702-aa65-eb985938e238/elements[39m
[35m[HTTP][39m [90m{"using":"xpath","value":"//*[@class = 'android.widget.TextView' and (@text = '1Harmonis Condominium' or . = '1Harmonis Condominium')]"}[39m
[35m[HTTP][39m [37m<-- POST /wd/hub/session/ac6d8fbf-c1c5-4702-aa65-eb985938e238/elements [39m[32m200[39m [90m235 ms - 139[39m
[35m[HTTP][39m [90m[39m
[35m[HTTP][39m [37m-->[39m [37mGET[39m [37m/wd/hub/session/ac6d8fbf-c1c5-4702-aa65-eb985938e238/source[39m
[35m[HTTP][39m [90m{}[39m
[35m[W3C (ac6d8fbf)][39m Driver proxy active, passing request on via HTTP proxy
[35m[WD Proxy][39m Replacing sessionId 488a62d1-18d3-491a-9f28-0a25f2be74c7 with ac6d8fbf-c1c5-4702-aa65-eb985938e238
[35m[HTTP][39m [37m<-- GET /wd/hub/session/ac6d8fbf-c1c5-4702-aa65-eb985938e238/source [39m[32m200[39m [90m186 ms - 42152[39m
[35m[HTTP][39m [90m[39m
[35m[HTTP][39m [37m-->[39m [37mGET[39m [37m/wd/hub/session/ac6d8fbf-c1c5-4702-aa65-eb985938e238/screenshot[39m
[35m[HTTP][39m [90m{}[39m
[35m[HTTP][39m [37m<-- GET /wd/hub/session/ac6d8fbf-c1c5-4702-aa65-eb985938e238/screenshot [39m[32m200[39m [90m1426 ms - 1654044[39m
[35m[HTTP][39m [90m[39m
[35m[HTTP][39m [37m-->[39m [37mPOST[39m [37m/wd/hub/session/ac6d8fbf-c1c5-4702-aa65-eb985938e238/elements[39m
[35m[HTTP][39m [90m{"using":"xpath","value":"//*[@class = 'android.widget.TextView' and (@text = '1Harmonis Condominium' or . = '1Harmonis Condominium')]"}[39m
[35m[HTTP][39m [37m<-- POST /wd/hub/session/ac6d8fbf-c1c5-4702-aa65-eb985938e238/elements [39m[32m200[39m [90m60097 ms - 12[39m
[35m[HTTP][39m [90m[39m
[35m[HTTP][39m [37m-->[39m [37mPOST[39m [37m/wd/hub/session/ac6d8fbf-c1c5-4702-aa65-eb985938e238/elements[39m
[35m[HTTP][39m [90m{"using":"-android uiautomator","value":"new UiSelector().className(\"android.widget.TextView\").text(\"1Harmonis Condominium\")"}[39m
[35m[HTTP][39m [37m<-- POST /wd/hub/session/ac6d8fbf-c1c5-4702-aa65-eb985938e238/elements [39m[32m200[39m [90m60066 ms - 12[39m
[35m[HTTP][39m [90m[39m
[35m[HTTP][39m [37m-->[39m [37mDELETE[39m [37m/wd/hub/session/ac6d8fbf-c1c5-4702-aa65-eb985938e238[39m
[35m[HTTP][39m [90m{}[39m
[35m[Appium][39m Removing session ac6d8fbf-c1c5-4702-aa65-eb985938e238 from our master session list
[35m[UiAutomator2][39m Restoring hidden api policy to the device default configuration
[35m[HTTP][39m [37m<-- DELETE /wd/hub/session/ac6d8fbf-c1c5-4702-aa65-eb985938e238 [39m[32m200[39m [90m486 ms - 14[39m
[35m[HTTP][39m [90m[39m
