[35m[Appium][39m Welcome to Appium v1.22.3
[35m[Appium][39m Non-default server args:
[35m[Appium][39m   port: 59259
[35m[Appium][39m   loglevel: info
[35m[Appium][39m   tmpDir: C:\Users\Nextsix\AppData\Local\Temp\\Katalon\Appium\Temp1739170830162
[35m[Appium][39m Appium REST http interface listener started on 0.0.0.0:59259
[35m[HTTP][39m [37m-->[39m [37mGET[39m [37m/wd/hub/status[39m
[35m[HTTP][39m [90m{}[39m
[35m[HTTP][39m [37m<-- GET /wd/hub/status [39m[32m200[39m [90m4 ms - 68[39m
[35m[HTTP][39m [90m[39m
[35m[HTTP][39m [37m-->[39m [37mPOST[39m [37m/wd/hub/session[39m
[35m[HTTP][39m [90m{"capabilities":{"firstMatch":[{"appium:app":"C:\\Users\\Nextsix\\git\\nav6.apk","appium:autoGrantPermissions":true,"appium:automationName":"uiautomator2","appium:deviceName":"Xiaomi 2311DRK48G (Android 14)","appium:fullReset":true,"appium:newCommandTimeout":1800,"appium:noReset":false,"appium:platformVersion":"14","appium:systemPort":59258,"appium:udid":"6HTOEEBEPJ7DEIFA","platformName":"ANDROID"}]},"desiredCapabilities":{"app":"C:\\Users\\Nextsix\\git\\nav6.apk","autoGrantPermissions":true,"automationName":"uiautomator2","deviceName":"Xiaomi 2311DRK48G (Android 14)","fullReset":true,"newCommandTimeout":1800,"noReset":false,"platformName":"ANDROID","platformVersion":"14","systemPort":59258,"udid":"6HTOEEBEPJ7DEIFA"}}[39m
[35m[Appium][39m Appium v1.22.3 creating new AndroidUiautomator2Driver (v1.70.1) session
[35m[BaseDriver][39m Session created with session id: f8af83cf-7130-47b0-b6ad-f9dfb076ca8a
[35m[BaseDriver][39m Using local app 'C:\Users\Nextsix\git\nav6.apk'
[35m[ADB][39m Found 1 'build-tools' folders under 'C:\Users\Nextsix\.katalon\tools\android_sdk' (newest first):
[35m[ADB][39m     C:/Users/Nextsix/.katalon/tools/android_sdk/build-tools/29.0.3
[35m[ADB][39m Using 'adb.exe' from 'C:\Users\Nextsix\.katalon\tools\android_sdk\platform-tools\adb.exe'
[35m[AndroidDriver][39m Retrieving device list
[35m[AndroidDriver][39m Using device: 6HTOEEBEPJ7DEIFA
[35m[ADB][39m Using 'adb.exe' from 'C:\Users\Nextsix\.katalon\tools\android_sdk\platform-tools\adb.exe'
[35m[ADB][39m Getting device platform version
[35m[UiAutomator2][39m Relaxing hidden api policy
[35m[ADB][39m Package name: 'com.nextsix.property'
[35m[ADB][39m Main activity name: 'com.nextsix.property.MainActivity'
[35m[ADB][39m Using 'apksigner.jar' from 'C:\Users\Nextsix\.katalon\tools\android_sdk\build-tools\29.0.3\lib\apksigner.jar'
[35m[ADB][39m 'C:\Users\Nextsix\AppData\Roaming\npm\node_modules\appium\node_modules\appium-uiautomator2-server\apks\appium-uiautomator2-server-v4.27.0.apk' is signed with the default certificate
[35m[ADB][39m 'C:\Users\Nextsix\AppData\Roaming\npm\node_modules\appium\node_modules\appium-uiautomator2-server\apks\appium-uiautomator2-server-debug-androidTest.apk' is signed with the default certificate
[35m[UiAutomator2][39m Server packages are not going to be (re)installed
[35m[ADB][39m Adding packages ["io.appium.settings","io.appium.uiautomator2.server","io.appium.uiautomator2.server.test"] to Doze whitelist
[35m[ADB][39m 'C:\Users\Nextsix\git\nav6.apk' is signed with a non-default certificate
[35m[ADB][39m com.nextsix.property was not uninstalled, because it was not present on the device
[35m[ADB][39m The application at 'C:\Users\Nextsix\git\nav6.apk' will not be cached, because the device under test has confirmed the support of streamed installs
[35m[ADB][39m The installation of 'nav6.apk' took 9291ms
[35m[UiAutomator2][39m Starting UIAutomator2 server 4.27.0
[35m[UiAutomator2][39m Using UIAutomator2 server from 'C:\Users\Nextsix\AppData\Roaming\npm\node_modules\appium\node_modules\appium-uiautomator2-server\apks\appium-uiautomator2-server-v4.27.0.apk' and test from 'C:\Users\Nextsix\AppData\Roaming\npm\node_modules\appium\node_modules\appium-uiautomator2-server\apks\appium-uiautomator2-server-debug-androidTest.apk'
[35m[UiAutomator2][39m Waiting up to 30000ms for UiAutomator2 to be online...
[35m[WD Proxy][39m socket hang up
[35m[WD Proxy][39m socket hang up
[35m[WD Proxy][39m Determined the downstream protocol as 'W3C'
[35m[AndroidDriver][39m Screen already unlocked, doing nothing
[35m[UiAutomator2][39m Starting 'com.nextsix.property/com.nextsix.property.MainActivity and waiting for 'com.nextsix.property/com.nextsix.property.MainActivity'
[35m[Appium][39m New AndroidUiautomator2Driver session created successfully, session f8af83cf-7130-47b0-b6ad-f9dfb076ca8a added to master session list
[35m[HTTP][39m [37m<-- POST /wd/hub/session [39m[32m200[39m [90m17266 ms - 1169[39m
[35m[HTTP][39m [90m[39m
[35m[HTTP][39m [37m-->[39m [37mGET[39m [37m/wd/hub/status[39m
[35m[HTTP][39m [90m{}[39m
[35m[HTTP][39m [37m<-- GET /wd/hub/status [39m[32m200[39m [90m1 ms - 68[39m
[35m[HTTP][39m [90m[39m
[35m[HTTP][39m [37m-->[39m [37mPOST[39m [37m/wd/hub/session/f8af83cf-7130-47b0-b6ad-f9dfb076ca8a/timeouts[39m
[35m[HTTP][39m [90m{"implicit":30000}[39m
[35m[HTTP][39m [37m<-- POST /wd/hub/session/f8af83cf-7130-47b0-b6ad-f9dfb076ca8a/timeouts [39m[32m200[39m [90m4 ms - 14[39m
[35m[HTTP][39m [90m[39m
[35m[HTTP][39m [37m-->[39m [37mPOST[39m [37m/wd/hub/session/f8af83cf-7130-47b0-b6ad-f9dfb076ca8a/execute/sync[39m
[35m[HTTP][39m [90m{"args":[],"script":"mobile: getSystemBars"}[39m
[35m[AndroidDriver][39m Executing native command 'mobile: getSystemBars'
[35m[HTTP][39m [37m<-- POST /wd/hub/session/f8af83cf-7130-47b0-b6ad-f9dfb076ca8a/execute/sync [39m[33m404[39m [90m77 ms - 2928[39m
[35m[HTTP][39m [90m[39m
[35m[HTTP][39m [37m-->[39m [37mGET[39m [37m/wd/hub/session/f8af83cf-7130-47b0-b6ad-f9dfb076ca8a/appium/device/system_bars[39m
[35m[HTTP][39m [90m{}[39m
[35m[HTTP][39m [37m<-- GET /wd/hub/session/f8af83cf-7130-47b0-b6ad-f9dfb076ca8a/appium/device/system_bars [39m[32m200[39m [90m86 ms - 145[39m
[35m[HTTP][39m [90m[39m
[35m[HTTP][39m [37m-->[39m [37mPOST[39m [37m/wd/hub/session/f8af83cf-7130-47b0-b6ad-f9dfb076ca8a/execute/sync[39m
[35m[HTTP][39m [90m{"args":[],"script":"mobile:viewportRect"}[39m
[35m[AndroidDriver][39m Executing native command 'mobile:viewportRect'
[35m[HTTP][39m [37m<-- POST /wd/hub/session/f8af83cf-7130-47b0-b6ad-f9dfb076ca8a/execute/sync [39m[32m200[39m [90m8 ms - 57[39m
[35m[HTTP][39m [90m[39m
[35m[HTTP][39m [37m-->[39m [37mPOST[39m [37m/wd/hub/session/f8af83cf-7130-47b0-b6ad-f9dfb076ca8a/timeouts[39m
[35m[HTTP][39m [90m{"implicit":50}[39m
[35m[HTTP][39m [37m<-- POST /wd/hub/session/f8af83cf-7130-47b0-b6ad-f9dfb076ca8a/timeouts [39m[32m200[39m [90m2 ms - 14[39m
[35m[HTTP][39m [90m[39m
[35m[HTTP][39m [37m-->[39m [37mGET[39m [37m/wd/hub/session/f8af83cf-7130-47b0-b6ad-f9dfb076ca8a/window/rect[39m
[35m[HTTP][39m [90m{}[39m
[35m[HTTP][39m [37m<-- GET /wd/hub/session/f8af83cf-7130-47b0-b6ad-f9dfb076ca8a/window/rect [39m[32m200[39m [90m21 ms - 50[39m
[35m[HTTP][39m [90m[39m
[35m[HTTP][39m [37m-->[39m [37mPOST[39m [37m/wd/hub/session/f8af83cf-7130-47b0-b6ad-f9dfb076ca8a/elements[39m
[35m[HTTP][39m [90m{"value":"//*[@class = 'android.widget.TextView' and (@text = concat(\"Let\" , \"'\" , \"s Get Started\") or . = concat(\"Let\" , \"'\" , \"s Get Started\"))]","using":"xpath"}[39m
[35m[HTTP][39m [37m<-- POST /wd/hub/session/f8af83cf-7130-47b0-b6ad-f9dfb076ca8a/elements [39m[32m200[39m [90m532 ms - 12[39m
[35m[HTTP][39m [90m[39m
[35m[HTTP][39m [37m-->[39m [37mPOST[39m [37m/wd/hub/session/f8af83cf-7130-47b0-b6ad-f9dfb076ca8a/elements[39m
[35m[HTTP][39m [90m{"value":"//*[@class = 'android.widget.TextView' and (@text = concat(\"Let\" , \"'\" , \"s Get Started\") or . = concat(\"Let\" , \"'\" , \"s Get Started\"))]","using":"xpath"}[39m
[35m[HTTP][39m [37m<-- POST /wd/hub/session/f8af83cf-7130-47b0-b6ad-f9dfb076ca8a/elements [39m[32m200[39m [90m101 ms - 12[39m
[35m[HTTP][39m [90m[39m
[35m[HTTP][39m [37m-->[39m [37mPOST[39m [37m/wd/hub/session/f8af83cf-7130-47b0-b6ad-f9dfb076ca8a/elements[39m
[35m[HTTP][39m [90m{"value":"//*[@class = 'android.widget.TextView' and (@text = concat(\"Let\" , \"'\" , \"s Get Started\") or . = concat(\"Let\" , \"'\" , \"s Get Started\"))]","using":"xpath"}[39m
[35m[HTTP][39m [37m<-- POST /wd/hub/session/f8af83cf-7130-47b0-b6ad-f9dfb076ca8a/elements [39m[32m200[39m [90m86 ms - 12[39m
[35m[HTTP][39m [90m[39m
[35m[HTTP][39m [37m-->[39m [37mPOST[39m [37m/wd/hub/session/f8af83cf-7130-47b0-b6ad-f9dfb076ca8a/elements[39m
[35m[HTTP][39m [90m{"value":"//*[@class = 'android.widget.TextView' and (@text = concat(\"Let\" , \"'\" , \"s Get Started\") or . = concat(\"Let\" , \"'\" , \"s Get Started\"))]","using":"xpath"}[39m
[35m[HTTP][39m [37m<-- POST /wd/hub/session/f8af83cf-7130-47b0-b6ad-f9dfb076ca8a/elements [39m[32m200[39m [90m86 ms - 12[39m
[35m[HTTP][39m [90m[39m
[35m[HTTP][39m [37m-->[39m [37mPOST[39m [37m/wd/hub/session/f8af83cf-7130-47b0-b6ad-f9dfb076ca8a/elements[39m
[35m[HTTP][39m [90m{"value":"//*[@class = 'android.widget.TextView' and (@text = concat(\"Let\" , \"'\" , \"s Get Started\") or . = concat(\"Let\" , \"'\" , \"s Get Started\"))]","using":"xpath"}[39m
[35m[HTTP][39m [37m<-- POST /wd/hub/session/f8af83cf-7130-47b0-b6ad-f9dfb076ca8a/elements [39m[32m200[39m [90m97 ms - 12[39m
[35m[HTTP][39m [90m[39m
[35m[HTTP][39m [37m-->[39m [37mPOST[39m [37m/wd/hub/session/f8af83cf-7130-47b0-b6ad-f9dfb076ca8a/elements[39m
[35m[HTTP][39m [90m{"value":"//*[@class = 'android.widget.TextView' and (@text = concat(\"Let\" , \"'\" , \"s Get Started\") or . = concat(\"Let\" , \"'\" , \"s Get Started\"))]","using":"xpath"}[39m
[35m[HTTP][39m [37m<-- POST /wd/hub/session/f8af83cf-7130-47b0-b6ad-f9dfb076ca8a/elements [39m[32m200[39m [90m75 ms - 12[39m
[35m[HTTP][39m [90m[39m
[35m[HTTP][39m [37m-->[39m [37mPOST[39m [37m/wd/hub/session/f8af83cf-7130-47b0-b6ad-f9dfb076ca8a/elements[39m
[35m[HTTP][39m [90m{"value":"//*[@class = 'android.widget.TextView' and (@text = concat(\"Let\" , \"'\" , \"s Get Started\") or . = concat(\"Let\" , \"'\" , \"s Get Started\"))]","using":"xpath"}[39m
[35m[HTTP][39m [37m<-- POST /wd/hub/session/f8af83cf-7130-47b0-b6ad-f9dfb076ca8a/elements [39m[32m200[39m [90m74 ms - 12[39m
[35m[HTTP][39m [90m[39m
[35m[HTTP][39m [37m-->[39m [37mPOST[39m [37m/wd/hub/session/f8af83cf-7130-47b0-b6ad-f9dfb076ca8a/elements[39m
[35m[HTTP][39m [90m{"value":"//*[@class = 'android.widget.TextView' and (@text = concat(\"Let\" , \"'\" , \"s Get Started\") or . = concat(\"Let\" , \"'\" , \"s Get Started\"))]","using":"xpath"}[39m
[35m[HTTP][39m [37m<-- POST /wd/hub/session/f8af83cf-7130-47b0-b6ad-f9dfb076ca8a/elements [39m[32m200[39m [90m82 ms - 12[39m
[35m[HTTP][39m [90m[39m
[35m[HTTP][39m [37m-->[39m [37mPOST[39m [37m/wd/hub/session/f8af83cf-7130-47b0-b6ad-f9dfb076ca8a/elements[39m
[35m[HTTP][39m [90m{"value":"//*[@class = 'android.widget.TextView' and (@text = concat(\"Let\" , \"'\" , \"s Get Started\") or . = concat(\"Let\" , \"'\" , \"s Get Started\"))]","using":"xpath"}[39m
[35m[HTTP][39m [37m<-- POST /wd/hub/session/f8af83cf-7130-47b0-b6ad-f9dfb076ca8a/elements [39m[32m200[39m [90m76 ms - 12[39m
[35m[HTTP][39m [90m[39m
[35m[HTTP][39m [37m-->[39m [37mPOST[39m [37m/wd/hub/session/f8af83cf-7130-47b0-b6ad-f9dfb076ca8a/elements[39m
[35m[HTTP][39m [90m{"value":"//*[@class = 'android.widget.TextView' and (@text = concat(\"Let\" , \"'\" , \"s Get Started\") or . = concat(\"Let\" , \"'\" , \"s Get Started\"))]","using":"xpath"}[39m
[35m[HTTP][39m [37m<-- POST /wd/hub/session/f8af83cf-7130-47b0-b6ad-f9dfb076ca8a/elements [39m[32m200[39m [90m82 ms - 12[39m
[35m[HTTP][39m [90m[39m
[35m[HTTP][39m [37m-->[39m [37mPOST[39m [37m/wd/hub/session/f8af83cf-7130-47b0-b6ad-f9dfb076ca8a/elements[39m
[35m[HTTP][39m [90m{"value":"//*[@class = 'android.widget.TextView' and (@text = concat(\"Let\" , \"'\" , \"s Get Started\") or . = concat(\"Let\" , \"'\" , \"s Get Started\"))]","using":"xpath"}[39m
[35m[HTTP][39m [37m<-- POST /wd/hub/session/f8af83cf-7130-47b0-b6ad-f9dfb076ca8a/elements [39m[32m200[39m [90m87 ms - 12[39m
[35m[HTTP][39m [90m[39m
[35m[HTTP][39m [37m-->[39m [37mPOST[39m [37m/wd/hub/session/f8af83cf-7130-47b0-b6ad-f9dfb076ca8a/elements[39m
[35m[HTTP][39m [90m{"value":"//*[@class = 'android.widget.TextView' and (@text = concat(\"Let\" , \"'\" , \"s Get Started\") or . = concat(\"Let\" , \"'\" , \"s Get Started\"))]","using":"xpath"}[39m
[35m[HTTP][39m [37m<-- POST /wd/hub/session/f8af83cf-7130-47b0-b6ad-f9dfb076ca8a/elements [39m[32m200[39m [90m81 ms - 12[39m
[35m[HTTP][39m [90m[39m
[35m[HTTP][39m [37m-->[39m [37mPOST[39m [37m/wd/hub/session/f8af83cf-7130-47b0-b6ad-f9dfb076ca8a/elements[39m
[35m[HTTP][39m [90m{"value":"//*[@class = 'android.widget.TextView' and (@text = concat(\"Let\" , \"'\" , \"s Get Started\") or . = concat(\"Let\" , \"'\" , \"s Get Started\"))]","using":"xpath"}[39m
[35m[HTTP][39m [37m<-- POST /wd/hub/session/f8af83cf-7130-47b0-b6ad-f9dfb076ca8a/elements [39m[32m200[39m [90m1376 ms - 12[39m
[35m[HTTP][39m [90m[39m
[35m[HTTP][39m [37m-->[39m [37mPOST[39m [37m/wd/hub/session/f8af83cf-7130-47b0-b6ad-f9dfb076ca8a/elements[39m
[35m[HTTP][39m [90m{"value":"//*[@class = 'android.widget.TextView' and (@text = concat(\"Let\" , \"'\" , \"s Get Started\") or . = concat(\"Let\" , \"'\" , \"s Get Started\"))]","using":"xpath"}[39m
[35m[HTTP][39m [37m<-- POST /wd/hub/session/f8af83cf-7130-47b0-b6ad-f9dfb076ca8a/elements [39m[32m200[39m [90m683 ms - 139[39m
[35m[HTTP][39m [90m[39m
[35m[HTTP][39m [37m-->[39m [37mGET[39m [37m/wd/hub/session/f8af83cf-7130-47b0-b6ad-f9dfb076ca8a/element/00000000-0000-009a-ffff-ffff000000de/rect[39m
[35m[HTTP][39m [90m{}[39m
[35m[W3C (f8af83cf)][39m Driver proxy active, passing request on via HTTP proxy
[35m[WD Proxy][39m Replacing sessionId 92a58391-f6d1-4a02-8267-916e3b197aeb with f8af83cf-7130-47b0-b6ad-f9dfb076ca8a
[35m[HTTP][39m [37m<-- GET /wd/hub/session/f8af83cf-7130-47b0-b6ad-f9dfb076ca8a/element/00000000-0000-009a-ffff-ffff000000de/rect [39m[32m200[39m [90m41 ms - 103[39m
[35m[HTTP][39m [90m[39m
[35m[HTTP][39m [37m-->[39m [37mPOST[39m [37m/wd/hub/session/f8af83cf-7130-47b0-b6ad-f9dfb076ca8a/timeouts[39m
[35m[HTTP][39m [90m{"implicit":30000}[39m
[35m[HTTP][39m [37m<-- POST /wd/hub/session/f8af83cf-7130-47b0-b6ad-f9dfb076ca8a/timeouts [39m[32m200[39m [90m1 ms - 14[39m
[35m[HTTP][39m [90m[39m
[35m[HTTP][39m [37m-->[39m [37mPOST[39m [37m/wd/hub/session/f8af83cf-7130-47b0-b6ad-f9dfb076ca8a/element/00000000-0000-009a-ffff-ffff000000de/click[39m
[35m[HTTP][39m [90m{"id":"00000000-0000-009a-ffff-ffff000000de"}[39m
[35m[HTTP][39m [37m<-- POST /wd/hub/session/f8af83cf-7130-47b0-b6ad-f9dfb076ca8a/element/00000000-0000-009a-ffff-ffff000000de/click [39m[32m200[39m [90m58 ms - 14[39m
[35m[HTTP][39m [90m[39m
[35m[HTTP][39m [37m-->[39m [37mPOST[39m [37m/wd/hub/session/f8af83cf-7130-47b0-b6ad-f9dfb076ca8a/timeouts[39m
[35m[HTTP][39m [90m{"implicit":50}[39m
[35m[HTTP][39m [37m<-- POST /wd/hub/session/f8af83cf-7130-47b0-b6ad-f9dfb076ca8a/timeouts [39m[32m200[39m [90m1 ms - 14[39m
[35m[HTTP][39m [90m[39m
[35m[HTTP][39m [37m-->[39m [37mGET[39m [37m/wd/hub/session/f8af83cf-7130-47b0-b6ad-f9dfb076ca8a/window/rect[39m
[35m[HTTP][39m [90m{}[39m
[35m[HTTP][39m [37m<-- GET /wd/hub/session/f8af83cf-7130-47b0-b6ad-f9dfb076ca8a/window/rect [39m[32m200[39m [90m8 ms - 50[39m
[35m[HTTP][39m [90m[39m
[35m[HTTP][39m [37m-->[39m [37mPOST[39m [37m/wd/hub/session/f8af83cf-7130-47b0-b6ad-f9dfb076ca8a/elements[39m
[35m[HTTP][39m [90m{"value":"//*[@class = 'android.widget.ImageView' and (@text = '' or . = '')]","using":"xpath"}[39m
[35m[HTTP][39m [37m<-- POST /wd/hub/session/f8af83cf-7130-47b0-b6ad-f9dfb076ca8a/elements [39m[32m200[39m [90m663 ms - 139[39m
[35m[HTTP][39m [90m[39m
[35m[HTTP][39m [37m-->[39m [37mGET[39m [37m/wd/hub/session/f8af83cf-7130-47b0-b6ad-f9dfb076ca8a/element/00000000-0000-009a-ffff-ffff000000ec/rect[39m
[35m[HTTP][39m [90m{}[39m
[35m[W3C (f8af83cf)][39m Driver proxy active, passing request on via HTTP proxy
[35m[WD Proxy][39m Replacing sessionId 92a58391-f6d1-4a02-8267-916e3b197aeb with f8af83cf-7130-47b0-b6ad-f9dfb076ca8a
[35m[HTTP][39m [37m<-- GET /wd/hub/session/f8af83cf-7130-47b0-b6ad-f9dfb076ca8a/element/00000000-0000-009a-ffff-ffff000000ec/rect [39m[32m200[39m [90m16 ms - 103[39m
[35m[HTTP][39m [90m[39m
[35m[HTTP][39m [37m-->[39m [37mPOST[39m [37m/wd/hub/session/f8af83cf-7130-47b0-b6ad-f9dfb076ca8a/timeouts[39m
[35m[HTTP][39m [90m{"implicit":30000}[39m
[35m[HTTP][39m [37m<-- POST /wd/hub/session/f8af83cf-7130-47b0-b6ad-f9dfb076ca8a/timeouts [39m[32m200[39m [90m1 ms - 14[39m
[35m[HTTP][39m [90m[39m
[35m[HTTP][39m [37m-->[39m [37mPOST[39m [37m/wd/hub/session/f8af83cf-7130-47b0-b6ad-f9dfb076ca8a/element/00000000-0000-009a-ffff-ffff000000ec/click[39m
[35m[HTTP][39m [90m{"id":"00000000-0000-009a-ffff-ffff000000ec"}[39m
[35m[HTTP][39m [37m<-- POST /wd/hub/session/f8af83cf-7130-47b0-b6ad-f9dfb076ca8a/element/00000000-0000-009a-ffff-ffff000000ec/click [39m[32m200[39m [90m37 ms - 14[39m
[35m[HTTP][39m [90m[39m
[35m[HTTP][39m [37m-->[39m [37mPOST[39m [37m/wd/hub/session/f8af83cf-7130-47b0-b6ad-f9dfb076ca8a/timeouts[39m
[35m[HTTP][39m [90m{"implicit":50}[39m
[35m[HTTP][39m [37m<-- POST /wd/hub/session/f8af83cf-7130-47b0-b6ad-f9dfb076ca8a/timeouts [39m[32m200[39m [90m1 ms - 14[39m
[35m[HTTP][39m [90m[39m
[35m[HTTP][39m [37m-->[39m [37mGET[39m [37m/wd/hub/session/f8af83cf-7130-47b0-b6ad-f9dfb076ca8a/window/rect[39m
[35m[HTTP][39m [90m{}[39m
[35m[HTTP][39m [37m<-- GET /wd/hub/session/f8af83cf-7130-47b0-b6ad-f9dfb076ca8a/window/rect [39m[32m200[39m [90m7 ms - 50[39m
[35m[HTTP][39m [90m[39m
[35m[HTTP][39m [37m-->[39m [37mPOST[39m [37m/wd/hub/session/f8af83cf-7130-47b0-b6ad-f9dfb076ca8a/elements[39m
[35m[HTTP][39m [90m{"value":"//*[@class = 'android.widget.TextView' and (@text = 'Search here' or . = 'Search here')]","using":"xpath"}[39m
[35m[HTTP][39m [37m<-- POST /wd/hub/session/f8af83cf-7130-47b0-b6ad-f9dfb076ca8a/elements [39m[32m200[39m [90m192 ms - 12[39m
[35m[HTTP][39m [90m[39m
[35m[HTTP][39m [37m-->[39m [37mPOST[39m [37m/wd/hub/session/f8af83cf-7130-47b0-b6ad-f9dfb076ca8a/elements[39m
[35m[HTTP][39m [90m{"value":"//*[@class = 'android.widget.TextView' and (@text = 'Search here' or . = 'Search here')]","using":"xpath"}[39m
[35m[HTTP][39m [37m<-- POST /wd/hub/session/f8af83cf-7130-47b0-b6ad-f9dfb076ca8a/elements [39m[32m200[39m [90m738 ms - 12[39m
[35m[HTTP][39m [90m[39m
[35m[HTTP][39m [37m-->[39m [37mPOST[39m [37m/wd/hub/session/f8af83cf-7130-47b0-b6ad-f9dfb076ca8a/elements[39m
[35m[HTTP][39m [90m{"value":"//*[@class = 'android.widget.TextView' and (@text = 'Search here' or . = 'Search here')]","using":"xpath"}[39m
[35m[HTTP][39m [37m<-- POST /wd/hub/session/f8af83cf-7130-47b0-b6ad-f9dfb076ca8a/elements [39m[32m200[39m [90m87 ms - 12[39m
[35m[HTTP][39m [90m[39m
[35m[HTTP][39m [37m-->[39m [37mPOST[39m [37m/wd/hub/session/f8af83cf-7130-47b0-b6ad-f9dfb076ca8a/elements[39m
[35m[HTTP][39m [90m{"value":"//*[@class = 'android.widget.TextView' and (@text = 'Search here' or . = 'Search here')]","using":"xpath"}[39m
[35m[HTTP][39m [37m<-- POST /wd/hub/session/f8af83cf-7130-47b0-b6ad-f9dfb076ca8a/elements [39m[32m200[39m [90m95 ms - 12[39m
[35m[HTTP][39m [90m[39m
[35m[HTTP][39m [37m-->[39m [37mPOST[39m [37m/wd/hub/session/f8af83cf-7130-47b0-b6ad-f9dfb076ca8a/elements[39m
[35m[HTTP][39m [90m{"value":"//*[@class = 'android.widget.TextView' and (@text = 'Search here' or . = 'Search here')]","using":"xpath"}[39m
[35m[HTTP][39m [37m<-- POST /wd/hub/session/f8af83cf-7130-47b0-b6ad-f9dfb076ca8a/elements [39m[32m200[39m [90m80 ms - 12[39m
[35m[HTTP][39m [90m[39m
[35m[HTTP][39m [37m-->[39m [37mPOST[39m [37m/wd/hub/session/f8af83cf-7130-47b0-b6ad-f9dfb076ca8a/elements[39m
[35m[HTTP][39m [90m{"value":"//*[@class = 'android.widget.TextView' and (@text = 'Search here' or . = 'Search here')]","using":"xpath"}[39m
[35m[HTTP][39m [37m<-- POST /wd/hub/session/f8af83cf-7130-47b0-b6ad-f9dfb076ca8a/elements [39m[32m200[39m [90m101 ms - 12[39m
[35m[HTTP][39m [90m[39m
[35m[HTTP][39m [37m-->[39m [37mPOST[39m [37m/wd/hub/session/f8af83cf-7130-47b0-b6ad-f9dfb076ca8a/elements[39m
[35m[HTTP][39m [90m{"value":"//*[@class = 'android.widget.TextView' and (@text = 'Search here' or . = 'Search here')]","using":"xpath"}[39m
[35m[HTTP][39m [37m<-- POST /wd/hub/session/f8af83cf-7130-47b0-b6ad-f9dfb076ca8a/elements [39m[32m200[39m [90m83 ms - 12[39m
[35m[HTTP][39m [90m[39m
[35m[HTTP][39m [37m-->[39m [37mPOST[39m [37m/wd/hub/session/f8af83cf-7130-47b0-b6ad-f9dfb076ca8a/elements[39m
[35m[HTTP][39m [90m{"value":"//*[@class = 'android.widget.TextView' and (@text = 'Search here' or . = 'Search here')]","using":"xpath"}[39m
[35m[HTTP][39m [37m<-- POST /wd/hub/session/f8af83cf-7130-47b0-b6ad-f9dfb076ca8a/elements [39m[32m200[39m [90m86 ms - 12[39m
[35m[HTTP][39m [90m[39m
[35m[HTTP][39m [37m-->[39m [37mPOST[39m [37m/wd/hub/session/f8af83cf-7130-47b0-b6ad-f9dfb076ca8a/elements[39m
[35m[HTTP][39m [90m{"value":"//*[@class = 'android.widget.TextView' and (@text = 'Search here' or . = 'Search here')]","using":"xpath"}[39m
[35m[HTTP][39m [37m<-- POST /wd/hub/session/f8af83cf-7130-47b0-b6ad-f9dfb076ca8a/elements [39m[32m200[39m [90m82 ms - 12[39m
[35m[HTTP][39m [90m[39m
[35m[HTTP][39m [37m-->[39m [37mPOST[39m [37m/wd/hub/session/f8af83cf-7130-47b0-b6ad-f9dfb076ca8a/elements[39m
[35m[HTTP][39m [90m{"value":"//*[@class = 'android.widget.TextView' and (@text = 'Search here' or . = 'Search here')]","using":"xpath"}[39m
[35m[HTTP][39m [37m<-- POST /wd/hub/session/f8af83cf-7130-47b0-b6ad-f9dfb076ca8a/elements [39m[32m200[39m [90m76 ms - 12[39m
[35m[HTTP][39m [90m[39m
[35m[HTTP][39m [37m-->[39m [37mPOST[39m [37m/wd/hub/session/f8af83cf-7130-47b0-b6ad-f9dfb076ca8a/elements[39m
[35m[HTTP][39m [90m{"value":"//*[@class = 'android.widget.TextView' and (@text = 'Search here' or . = 'Search here')]","using":"xpath"}[39m
[35m[HTTP][39m [37m<-- POST /wd/hub/session/f8af83cf-7130-47b0-b6ad-f9dfb076ca8a/elements [39m[32m200[39m [90m86 ms - 12[39m
[35m[HTTP][39m [90m[39m
[35m[HTTP][39m [37m-->[39m [37mPOST[39m [37m/wd/hub/session/f8af83cf-7130-47b0-b6ad-f9dfb076ca8a/elements[39m
[35m[HTTP][39m [90m{"value":"//*[@class = 'android.widget.TextView' and (@text = 'Search here' or . = 'Search here')]","using":"xpath"}[39m
[35m[HTTP][39m [37m<-- POST /wd/hub/session/f8af83cf-7130-47b0-b6ad-f9dfb076ca8a/elements [39m[32m200[39m [90m103 ms - 12[39m
[35m[HTTP][39m [90m[39m
[35m[HTTP][39m [37m-->[39m [37mPOST[39m [37m/wd/hub/session/f8af83cf-7130-47b0-b6ad-f9dfb076ca8a/elements[39m
[35m[HTTP][39m [90m{"value":"//*[@class = 'android.widget.TextView' and (@text = 'Search here' or . = 'Search here')]","using":"xpath"}[39m
[35m[HTTP][39m [37m<-- POST /wd/hub/session/f8af83cf-7130-47b0-b6ad-f9dfb076ca8a/elements [39m[32m200[39m [90m81 ms - 12[39m
[35m[HTTP][39m [90m[39m
[35m[HTTP][39m [37m-->[39m [37mPOST[39m [37m/wd/hub/session/f8af83cf-7130-47b0-b6ad-f9dfb076ca8a/elements[39m
[35m[HTTP][39m [90m{"value":"//*[@class = 'android.widget.TextView' and (@text = 'Search here' or . = 'Search here')]","using":"xpath"}[39m
[35m[HTTP][39m [37m<-- POST /wd/hub/session/f8af83cf-7130-47b0-b6ad-f9dfb076ca8a/elements [39m[32m200[39m [90m90 ms - 12[39m
[35m[HTTP][39m [90m[39m
[35m[HTTP][39m [37m-->[39m [37mPOST[39m [37m/wd/hub/session/f8af83cf-7130-47b0-b6ad-f9dfb076ca8a/elements[39m
[35m[HTTP][39m [90m{"value":"//*[@class = 'android.widget.TextView' and (@text = 'Search here' or . = 'Search here')]","using":"xpath"}[39m
[35m[HTTP][39m [37m<-- POST /wd/hub/session/f8af83cf-7130-47b0-b6ad-f9dfb076ca8a/elements [39m[32m200[39m [90m91 ms - 12[39m
[35m[HTTP][39m [90m[39m
[35m[HTTP][39m [37m-->[39m [37mPOST[39m [37m/wd/hub/session/f8af83cf-7130-47b0-b6ad-f9dfb076ca8a/elements[39m
[35m[HTTP][39m [90m{"value":"//*[@class = 'android.widget.TextView' and (@text = 'Search here' or . = 'Search here')]","using":"xpath"}[39m
[35m[HTTP][39m [37m<-- POST /wd/hub/session/f8af83cf-7130-47b0-b6ad-f9dfb076ca8a/elements [39m[32m200[39m [90m89 ms - 12[39m
[35m[HTTP][39m [90m[39m
[35m[HTTP][39m [37m-->[39m [37mPOST[39m [37m/wd/hub/session/f8af83cf-7130-47b0-b6ad-f9dfb076ca8a/elements[39m
[35m[HTTP][39m [90m{"value":"//*[@class = 'android.widget.TextView' and (@text = 'Search here' or . = 'Search here')]","using":"xpath"}[39m
[35m[HTTP][39m [37m<-- POST /wd/hub/session/f8af83cf-7130-47b0-b6ad-f9dfb076ca8a/elements [39m[32m200[39m [90m83 ms - 12[39m
[35m[HTTP][39m [90m[39m
[35m[HTTP][39m [37m-->[39m [37mPOST[39m [37m/wd/hub/session/f8af83cf-7130-47b0-b6ad-f9dfb076ca8a/elements[39m
[35m[HTTP][39m [90m{"value":"//*[@class = 'android.widget.TextView' and (@text = 'Search here' or . = 'Search here')]","using":"xpath"}[39m
[35m[HTTP][39m [37m<-- POST /wd/hub/session/f8af83cf-7130-47b0-b6ad-f9dfb076ca8a/elements [39m[32m200[39m [90m82 ms - 12[39m
[35m[HTTP][39m [90m[39m
[35m[HTTP][39m [37m-->[39m [37mPOST[39m [37m/wd/hub/session/f8af83cf-7130-47b0-b6ad-f9dfb076ca8a/elements[39m
[35m[HTTP][39m [90m{"value":"//*[@class = 'android.widget.TextView' and (@text = 'Search here' or . = 'Search here')]","using":"xpath"}[39m
[35m[HTTP][39m [37m<-- POST /wd/hub/session/f8af83cf-7130-47b0-b6ad-f9dfb076ca8a/elements [39m[32m200[39m [90m89 ms - 12[39m
[35m[HTTP][39m [90m[39m
[35m[HTTP][39m [37m-->[39m [37mPOST[39m [37m/wd/hub/session/f8af83cf-7130-47b0-b6ad-f9dfb076ca8a/elements[39m
[35m[HTTP][39m [90m{"value":"//*[@class = 'android.widget.TextView' and (@text = 'Search here' or . = 'Search here')]","using":"xpath"}[39m
[35m[HTTP][39m [37m<-- POST /wd/hub/session/f8af83cf-7130-47b0-b6ad-f9dfb076ca8a/elements [39m[32m200[39m [90m102 ms - 12[39m
[35m[HTTP][39m [90m[39m
[35m[HTTP][39m [37m-->[39m [37mPOST[39m [37m/wd/hub/session/f8af83cf-7130-47b0-b6ad-f9dfb076ca8a/elements[39m
[35m[HTTP][39m [90m{"value":"//*[@class = 'android.widget.TextView' and (@text = 'Search here' or . = 'Search here')]","using":"xpath"}[39m
[35m[HTTP][39m [37m<-- POST /wd/hub/session/f8af83cf-7130-47b0-b6ad-f9dfb076ca8a/elements [39m[32m200[39m [90m103 ms - 12[39m
[35m[HTTP][39m [90m[39m
[35m[HTTP][39m [37m-->[39m [37mPOST[39m [37m/wd/hub/session/f8af83cf-7130-47b0-b6ad-f9dfb076ca8a/elements[39m
[35m[HTTP][39m [90m{"value":"//*[@class = 'android.widget.TextView' and (@text = 'Search here' or . = 'Search here')]","using":"xpath"}[39m
[35m[HTTP][39m [37m<-- POST /wd/hub/session/f8af83cf-7130-47b0-b6ad-f9dfb076ca8a/elements [39m[32m200[39m [90m96 ms - 12[39m
[35m[HTTP][39m [90m[39m
[35m[HTTP][39m [37m-->[39m [37mPOST[39m [37m/wd/hub/session/f8af83cf-7130-47b0-b6ad-f9dfb076ca8a/elements[39m
[35m[HTTP][39m [90m{"value":"//*[@class = 'android.widget.TextView' and (@text = 'Search here' or . = 'Search here')]","using":"xpath"}[39m
[35m[HTTP][39m [37m<-- POST /wd/hub/session/f8af83cf-7130-47b0-b6ad-f9dfb076ca8a/elements [39m[32m200[39m [90m82 ms - 12[39m
[35m[HTTP][39m [90m[39m
[35m[HTTP][39m [37m-->[39m [37mPOST[39m [37m/wd/hub/session/f8af83cf-7130-47b0-b6ad-f9dfb076ca8a/elements[39m
[35m[HTTP][39m [90m{"value":"//*[@class = 'android.widget.TextView' and (@text = 'Search here' or . = 'Search here')]","using":"xpath"}[39m
[35m[HTTP][39m [37m<-- POST /wd/hub/session/f8af83cf-7130-47b0-b6ad-f9dfb076ca8a/elements [39m[32m200[39m [90m114 ms - 12[39m
[35m[HTTP][39m [90m[39m
[35m[HTTP][39m [37m-->[39m [37mPOST[39m [37m/wd/hub/session/f8af83cf-7130-47b0-b6ad-f9dfb076ca8a/elements[39m
[35m[HTTP][39m [90m{"value":"//*[@class = 'android.widget.TextView' and (@text = 'Search here' or . = 'Search here')]","using":"xpath"}[39m
[35m[HTTP][39m [37m<-- POST /wd/hub/session/f8af83cf-7130-47b0-b6ad-f9dfb076ca8a/elements [39m[32m200[39m [90m75 ms - 12[39m
[35m[HTTP][39m [90m[39m
[35m[HTTP][39m [37m-->[39m [37mPOST[39m [37m/wd/hub/session/f8af83cf-7130-47b0-b6ad-f9dfb076ca8a/elements[39m
[35m[HTTP][39m [90m{"value":"//*[@class = 'android.widget.TextView' and (@text = 'Search here' or . = 'Search here')]","using":"xpath"}[39m
[35m[HTTP][39m [37m<-- POST /wd/hub/session/f8af83cf-7130-47b0-b6ad-f9dfb076ca8a/elements [39m[32m200[39m [90m85 ms - 12[39m
[35m[HTTP][39m [90m[39m
[35m[HTTP][39m [37m-->[39m [37mPOST[39m [37m/wd/hub/session/f8af83cf-7130-47b0-b6ad-f9dfb076ca8a/elements[39m
[35m[HTTP][39m [90m{"value":"//*[@class = 'android.widget.TextView' and (@text = 'Search here' or . = 'Search here')]","using":"xpath"}[39m
[35m[HTTP][39m [37m<-- POST /wd/hub/session/f8af83cf-7130-47b0-b6ad-f9dfb076ca8a/elements [39m[32m200[39m [90m90 ms - 12[39m
[35m[HTTP][39m [90m[39m
[35m[HTTP][39m [37m-->[39m [37mPOST[39m [37m/wd/hub/session/f8af83cf-7130-47b0-b6ad-f9dfb076ca8a/elements[39m
[35m[HTTP][39m [90m{"value":"//*[@class = 'android.widget.TextView' and (@text = 'Search here' or . = 'Search here')]","using":"xpath"}[39m
[35m[HTTP][39m [37m<-- POST /wd/hub/session/f8af83cf-7130-47b0-b6ad-f9dfb076ca8a/elements [39m[32m200[39m [90m85 ms - 12[39m
[35m[HTTP][39m [90m[39m
[35m[HTTP][39m [37m-->[39m [37mPOST[39m [37m/wd/hub/session/f8af83cf-7130-47b0-b6ad-f9dfb076ca8a/elements[39m
[35m[HTTP][39m [90m{"value":"//*[@class = 'android.widget.TextView' and (@text = 'Search here' or . = 'Search here')]","using":"xpath"}[39m
[35m[HTTP][39m [37m<-- POST /wd/hub/session/f8af83cf-7130-47b0-b6ad-f9dfb076ca8a/elements [39m[32m200[39m [90m84 ms - 12[39m
[35m[HTTP][39m [90m[39m
[35m[HTTP][39m [37m-->[39m [37mPOST[39m [37m/wd/hub/session/f8af83cf-7130-47b0-b6ad-f9dfb076ca8a/elements[39m
[35m[HTTP][39m [90m{"value":"//*[@class = 'android.widget.TextView' and (@text = 'Search here' or . = 'Search here')]","using":"xpath"}[39m
[35m[HTTP][39m [37m<-- POST /wd/hub/session/f8af83cf-7130-47b0-b6ad-f9dfb076ca8a/elements [39m[32m200[39m [90m95 ms - 12[39m
[35m[HTTP][39m [90m[39m
[35m[HTTP][39m [37m-->[39m [37mPOST[39m [37m/wd/hub/session/f8af83cf-7130-47b0-b6ad-f9dfb076ca8a/elements[39m
[35m[HTTP][39m [90m{"value":"//*[@class = 'android.widget.TextView' and (@text = 'Search here' or . = 'Search here')]","using":"xpath"}[39m
[35m[HTTP][39m [37m<-- POST /wd/hub/session/f8af83cf-7130-47b0-b6ad-f9dfb076ca8a/elements [39m[32m200[39m [90m51 ms - 12[39m
[35m[HTTP][39m [90m[39m
[35m[HTTP][39m [37m-->[39m [37mPOST[39m [37m/wd/hub/session/f8af83cf-7130-47b0-b6ad-f9dfb076ca8a/elements[39m
[35m[HTTP][39m [90m{"value":"//*[@class = 'android.widget.TextView' and (@text = 'Search here' or . = 'Search here')]","using":"xpath"}[39m
[35m[HTTP][39m [37m<-- POST /wd/hub/session/f8af83cf-7130-47b0-b6ad-f9dfb076ca8a/elements [39m[32m200[39m [90m95 ms - 12[39m
[35m[HTTP][39m [90m[39m
[35m[HTTP][39m [37m-->[39m [37mPOST[39m [37m/wd/hub/session/f8af83cf-7130-47b0-b6ad-f9dfb076ca8a/elements[39m
[35m[HTTP][39m [90m{"value":"//*[@class = 'android.widget.TextView' and (@text = 'Search here' or . = 'Search here')]","using":"xpath"}[39m
[35m[HTTP][39m [37m<-- POST /wd/hub/session/f8af83cf-7130-47b0-b6ad-f9dfb076ca8a/elements [39m[32m200[39m [90m297 ms - 139[39m
[35m[HTTP][39m [90m[39m
[35m[HTTP][39m [37m-->[39m [37mGET[39m [37m/wd/hub/session/f8af83cf-7130-47b0-b6ad-f9dfb076ca8a/element/00000000-0000-009b-ffff-ffff0000013d/rect[39m
[35m[HTTP][39m [90m{}[39m
[35m[W3C (f8af83cf)][39m Driver proxy active, passing request on via HTTP proxy
[35m[WD Proxy][39m Replacing sessionId 92a58391-f6d1-4a02-8267-916e3b197aeb with f8af83cf-7130-47b0-b6ad-f9dfb076ca8a
[35m[HTTP][39m [37m<-- GET /wd/hub/session/f8af83cf-7130-47b0-b6ad-f9dfb076ca8a/element/00000000-0000-009b-ffff-ffff0000013d/rect [39m[32m200[39m [90m272 ms - 102[39m
[35m[HTTP][39m [90m[39m
[35m[HTTP][39m [37m-->[39m [37mPOST[39m [37m/wd/hub/session/f8af83cf-7130-47b0-b6ad-f9dfb076ca8a/timeouts[39m
[35m[HTTP][39m [90m{"implicit":30000}[39m
[35m[HTTP][39m [37m<-- POST /wd/hub/session/f8af83cf-7130-47b0-b6ad-f9dfb076ca8a/timeouts [39m[32m200[39m [90m1 ms - 14[39m
[35m[HTTP][39m [90m[39m
[35m[HTTP][39m [37m-->[39m [37mPOST[39m [37m/wd/hub/session/f8af83cf-7130-47b0-b6ad-f9dfb076ca8a/element/00000000-0000-009b-ffff-ffff0000013d/click[39m
[35m[HTTP][39m [90m{"id":"00000000-0000-009b-ffff-ffff0000013d"}[39m
[35m[HTTP][39m [37m<-- POST /wd/hub/session/f8af83cf-7130-47b0-b6ad-f9dfb076ca8a/element/00000000-0000-009b-ffff-ffff0000013d/click [39m[32m200[39m [90m41 ms - 14[39m
[35m[HTTP][39m [90m[39m
[35m[HTTP][39m [37m-->[39m [37mPOST[39m [37m/wd/hub/session/f8af83cf-7130-47b0-b6ad-f9dfb076ca8a/timeouts[39m
[35m[HTTP][39m [90m{"implicit":50}[39m
[35m[HTTP][39m [37m<-- POST /wd/hub/session/f8af83cf-7130-47b0-b6ad-f9dfb076ca8a/timeouts [39m[32m200[39m [90m1 ms - 14[39m
[35m[HTTP][39m [90m[39m
[35m[HTTP][39m [37m-->[39m [37mGET[39m [37m/wd/hub/session/f8af83cf-7130-47b0-b6ad-f9dfb076ca8a/window/rect[39m
[35m[HTTP][39m [90m{}[39m
[35m[HTTP][39m [37m<-- GET /wd/hub/session/f8af83cf-7130-47b0-b6ad-f9dfb076ca8a/window/rect [39m[32m200[39m [90m7 ms - 50[39m
[35m[HTTP][39m [90m[39m
[35m[HTTP][39m [37m-->[39m [37mPOST[39m [37m/wd/hub/session/f8af83cf-7130-47b0-b6ad-f9dfb076ca8a/elements[39m
[35m[HTTP][39m [90m{"value":"//*[@class = 'android.widget.TextView' and (@text = 'Check out our Specialists and Agents on map' or . = 'Check out our Specialists and Agents on map')]","using":"xpath"}[39m
[35m[HTTP][39m [37m<-- POST /wd/hub/session/f8af83cf-7130-47b0-b6ad-f9dfb076ca8a/elements [39m[32m200[39m [90m732 ms - 139[39m
[35m[HTTP][39m [90m[39m
[35m[HTTP][39m [37m-->[39m [37mGET[39m [37m/wd/hub/session/f8af83cf-7130-47b0-b6ad-f9dfb076ca8a/element/00000000-0000-009b-ffff-ffff000001cd/rect[39m
[35m[HTTP][39m [90m{}[39m
[35m[W3C (f8af83cf)][39m Driver proxy active, passing request on via HTTP proxy
[35m[WD Proxy][39m Replacing sessionId 92a58391-f6d1-4a02-8267-916e3b197aeb with f8af83cf-7130-47b0-b6ad-f9dfb076ca8a
[35m[HTTP][39m [37m<-- GET /wd/hub/session/f8af83cf-7130-47b0-b6ad-f9dfb076ca8a/element/00000000-0000-009b-ffff-ffff000001cd/rect [39m[32m200[39m [90m12 ms - 104[39m
[35m[HTTP][39m [90m[39m
[35m[HTTP][39m [37m-->[39m [37mPOST[39m [37m/wd/hub/session/f8af83cf-7130-47b0-b6ad-f9dfb076ca8a/timeouts[39m
[35m[HTTP][39m [90m{"implicit":30000}[39m
[35m[HTTP][39m [37m<-- POST /wd/hub/session/f8af83cf-7130-47b0-b6ad-f9dfb076ca8a/timeouts [39m[32m200[39m [90m1 ms - 14[39m
[35m[HTTP][39m [90m[39m
[35m[HTTP][39m [37m-->[39m [37mPOST[39m [37m/wd/hub/session/f8af83cf-7130-47b0-b6ad-f9dfb076ca8a/element/00000000-0000-009b-ffff-ffff000001cd/click[39m
[35m[HTTP][39m [90m{"id":"00000000-0000-009b-ffff-ffff000001cd"}[39m
[35m[HTTP][39m [37m<-- POST /wd/hub/session/f8af83cf-7130-47b0-b6ad-f9dfb076ca8a/element/00000000-0000-009b-ffff-ffff000001cd/click [39m[32m200[39m [90m44 ms - 14[39m
[35m[HTTP][39m [90m[39m
[35m[HTTP][39m [37m-->[39m [37mPOST[39m [37m/wd/hub/session/f8af83cf-7130-47b0-b6ad-f9dfb076ca8a/timeouts[39m
[35m[HTTP][39m [90m{"implicit":50}[39m
[35m[HTTP][39m [37m<-- POST /wd/hub/session/f8af83cf-7130-47b0-b6ad-f9dfb076ca8a/timeouts [39m[32m200[39m [90m2 ms - 14[39m
[35m[HTTP][39m [90m[39m
[35m[HTTP][39m [37m-->[39m [37mGET[39m [37m/wd/hub/session/f8af83cf-7130-47b0-b6ad-f9dfb076ca8a/window/rect[39m
[35m[HTTP][39m [90m{}[39m
[35m[HTTP][39m [37m<-- GET /wd/hub/session/f8af83cf-7130-47b0-b6ad-f9dfb076ca8a/window/rect [39m[32m200[39m [90m8 ms - 50[39m
[35m[HTTP][39m [90m[39m
[35m[HTTP][39m [37m-->[39m [37mPOST[39m [37m/wd/hub/session/f8af83cf-7130-47b0-b6ad-f9dfb076ca8a/elements[39m
[35m[HTTP][39m [90m{"value":"//*[@class = 'android.widget.TextView' and (@text = 'Cyberjaya' or . = 'Cyberjaya')]","using":"xpath"}[39m
[35m[HTTP][39m [37m<-- POST /wd/hub/session/f8af83cf-7130-47b0-b6ad-f9dfb076ca8a/elements [39m[32m200[39m [90m723 ms - 139[39m
[35m[HTTP][39m [90m[39m
[35m[HTTP][39m [37m-->[39m [37mGET[39m [37m/wd/hub/session/f8af83cf-7130-47b0-b6ad-f9dfb076ca8a/element/00000000-0000-009b-ffff-ffff000001dd/rect[39m
[35m[HTTP][39m [90m{}[39m
[35m[W3C (f8af83cf)][39m Driver proxy active, passing request on via HTTP proxy
[35m[WD Proxy][39m Replacing sessionId 92a58391-f6d1-4a02-8267-916e3b197aeb with f8af83cf-7130-47b0-b6ad-f9dfb076ca8a
[35m[HTTP][39m [37m<-- GET /wd/hub/session/f8af83cf-7130-47b0-b6ad-f9dfb076ca8a/element/00000000-0000-009b-ffff-ffff000001dd/rect [39m[32m200[39m [90m16 ms - 103[39m
[35m[HTTP][39m [90m[39m
[35m[HTTP][39m [37m-->[39m [37mPOST[39m [37m/wd/hub/session/f8af83cf-7130-47b0-b6ad-f9dfb076ca8a/timeouts[39m
[35m[HTTP][39m [90m{"implicit":30000}[39m
[35m[HTTP][39m [37m<-- POST /wd/hub/session/f8af83cf-7130-47b0-b6ad-f9dfb076ca8a/timeouts [39m[32m200[39m [90m1 ms - 14[39m
[35m[HTTP][39m [90m[39m
[35m[HTTP][39m [37m-->[39m [37mPOST[39m [37m/wd/hub/session/f8af83cf-7130-47b0-b6ad-f9dfb076ca8a/element/00000000-0000-009b-ffff-ffff000001dd/click[39m
[35m[HTTP][39m [90m{"id":"00000000-0000-009b-ffff-ffff000001dd"}[39m
[35m[HTTP][39m [37m<-- POST /wd/hub/session/f8af83cf-7130-47b0-b6ad-f9dfb076ca8a/element/00000000-0000-009b-ffff-ffff000001dd/click [39m[32m200[39m [90m57 ms - 14[39m
[35m[HTTP][39m [90m[39m
[35m[HTTP][39m [37m-->[39m [37mPOST[39m [37m/wd/hub/session/f8af83cf-7130-47b0-b6ad-f9dfb076ca8a/timeouts[39m
[35m[HTTP][39m [90m{"implicit":50}[39m
[35m[HTTP][39m [37m<-- POST /wd/hub/session/f8af83cf-7130-47b0-b6ad-f9dfb076ca8a/timeouts [39m[32m200[39m [90m1 ms - 14[39m
[35m[HTTP][39m [90m[39m
[35m[HTTP][39m [37m-->[39m [37mGET[39m [37m/wd/hub/session/f8af83cf-7130-47b0-b6ad-f9dfb076ca8a/window/rect[39m
[35m[HTTP][39m [90m{}[39m
[35m[HTTP][39m [37m<-- GET /wd/hub/session/f8af83cf-7130-47b0-b6ad-f9dfb076ca8a/window/rect [39m[32m200[39m [90m14 ms - 50[39m
[35m[HTTP][39m [90m[39m
[35m[HTTP][39m [37m-->[39m [37mPOST[39m [37m/wd/hub/session/f8af83cf-7130-47b0-b6ad-f9dfb076ca8a/elements[39m
[35m[HTTP][39m [90m{"value":"//*[@class = 'android.widget.TextView' and (@text = 'Property' or . = 'Property')]","using":"xpath"}[39m
[35m[HTTP][39m [37m<-- POST /wd/hub/session/f8af83cf-7130-47b0-b6ad-f9dfb076ca8a/elements [39m[32m200[39m [90m72 ms - 139[39m
[35m[HTTP][39m [90m[39m
[35m[HTTP][39m [37m-->[39m [37mGET[39m [37m/wd/hub/session/f8af83cf-7130-47b0-b6ad-f9dfb076ca8a/element/00000000-0000-009b-ffff-ffff000001f0/rect[39m
[35m[HTTP][39m [90m{}[39m
[35m[W3C (f8af83cf)][39m Driver proxy active, passing request on via HTTP proxy
[35m[WD Proxy][39m Replacing sessionId 92a58391-f6d1-4a02-8267-916e3b197aeb with f8af83cf-7130-47b0-b6ad-f9dfb076ca8a
[35m[HTTP][39m [37m<-- GET /wd/hub/session/f8af83cf-7130-47b0-b6ad-f9dfb076ca8a/element/00000000-0000-009b-ffff-ffff000001f0/rect [39m[32m200[39m [90m569 ms - 102[39m
[35m[HTTP][39m [90m[39m
[35m[HTTP][39m [37m-->[39m [37mPOST[39m [37m/wd/hub/session/f8af83cf-7130-47b0-b6ad-f9dfb076ca8a/timeouts[39m
[35m[HTTP][39m [90m{"implicit":30000}[39m
[35m[HTTP][39m [37m<-- POST /wd/hub/session/f8af83cf-7130-47b0-b6ad-f9dfb076ca8a/timeouts [39m[32m200[39m [90m1 ms - 14[39m
[35m[HTTP][39m [90m[39m
[35m[HTTP][39m [37m-->[39m [37mPOST[39m [37m/wd/hub/session/f8af83cf-7130-47b0-b6ad-f9dfb076ca8a/element/00000000-0000-009b-ffff-ffff000001f0/click[39m
[35m[HTTP][39m [90m{"id":"00000000-0000-009b-ffff-ffff000001f0"}[39m
[35m[HTTP][39m [37m<-- POST /wd/hub/session/f8af83cf-7130-47b0-b6ad-f9dfb076ca8a/element/00000000-0000-009b-ffff-ffff000001f0/click [39m[32m200[39m [90m58 ms - 14[39m
[35m[HTTP][39m [90m[39m
[35m[HTTP][39m [37m-->[39m [37mPOST[39m [37m/wd/hub/session/f8af83cf-7130-47b0-b6ad-f9dfb076ca8a/timeouts[39m
[35m[HTTP][39m [90m{"implicit":50}[39m
[35m[HTTP][39m [37m<-- POST /wd/hub/session/f8af83cf-7130-47b0-b6ad-f9dfb076ca8a/timeouts [39m[32m200[39m [90m2 ms - 14[39m
[35m[HTTP][39m [90m[39m
[35m[HTTP][39m [37m-->[39m [37mGET[39m [37m/wd/hub/session/f8af83cf-7130-47b0-b6ad-f9dfb076ca8a/window/rect[39m
[35m[HTTP][39m [90m{}[39m
[35m[HTTP][39m [37m<-- GET /wd/hub/session/f8af83cf-7130-47b0-b6ad-f9dfb076ca8a/window/rect [39m[32m200[39m [90m18 ms - 50[39m
[35m[HTTP][39m [90m[39m
[35m[HTTP][39m [37m-->[39m [37mPOST[39m [37m/wd/hub/session/f8af83cf-7130-47b0-b6ad-f9dfb076ca8a/elements[39m
[35m[HTTP][39m [90m{"value":"//*[@class = 'android.widget.TextView' and (@text = 'OK' or . = 'OK')]","using":"xpath"}[39m
[35m[HTTP][39m [37m<-- POST /wd/hub/session/f8af83cf-7130-47b0-b6ad-f9dfb076ca8a/elements [39m[32m200[39m [90m698 ms - 139[39m
[35m[HTTP][39m [90m[39m
[35m[HTTP][39m [37m-->[39m [37mGET[39m [37m/wd/hub/session/f8af83cf-7130-47b0-b6ad-f9dfb076ca8a/element/00000000-0000-009b-ffff-ffff000001fb/rect[39m
[35m[HTTP][39m [90m{}[39m
[35m[W3C (f8af83cf)][39m Driver proxy active, passing request on via HTTP proxy
[35m[WD Proxy][39m Replacing sessionId 92a58391-f6d1-4a02-8267-916e3b197aeb with f8af83cf-7130-47b0-b6ad-f9dfb076ca8a
[35m[HTTP][39m [37m<-- GET /wd/hub/session/f8af83cf-7130-47b0-b6ad-f9dfb076ca8a/element/00000000-0000-009b-ffff-ffff000001fb/rect [39m[32m200[39m [90m14 ms - 102[39m
[35m[HTTP][39m [90m[39m
[35m[HTTP][39m [37m-->[39m [37mPOST[39m [37m/wd/hub/session/f8af83cf-7130-47b0-b6ad-f9dfb076ca8a/timeouts[39m
[35m[HTTP][39m [90m{"implicit":30000}[39m
[35m[HTTP][39m [37m<-- POST /wd/hub/session/f8af83cf-7130-47b0-b6ad-f9dfb076ca8a/timeouts [39m[32m200[39m [90m1 ms - 14[39m
[35m[HTTP][39m [90m[39m
[35m[HTTP][39m [37m-->[39m [37mPOST[39m [37m/wd/hub/session/f8af83cf-7130-47b0-b6ad-f9dfb076ca8a/element/00000000-0000-009b-ffff-ffff000001fb/click[39m
[35m[HTTP][39m [90m{"id":"00000000-0000-009b-ffff-ffff000001fb"}[39m
[35m[HTTP][39m [37m<-- POST /wd/hub/session/f8af83cf-7130-47b0-b6ad-f9dfb076ca8a/element/00000000-0000-009b-ffff-ffff000001fb/click [39m[32m200[39m [90m38 ms - 14[39m
[35m[HTTP][39m [90m[39m
[35m[HTTP][39m [37m-->[39m [37mPOST[39m [37m/wd/hub/session/f8af83cf-7130-47b0-b6ad-f9dfb076ca8a/timeouts[39m
[35m[HTTP][39m [90m{"implicit":50}[39m
[35m[HTTP][39m [37m<-- POST /wd/hub/session/f8af83cf-7130-47b0-b6ad-f9dfb076ca8a/timeouts [39m[32m200[39m [90m2 ms - 14[39m
[35m[HTTP][39m [90m[39m
[35m[HTTP][39m [37m-->[39m [37mGET[39m [37m/wd/hub/session/f8af83cf-7130-47b0-b6ad-f9dfb076ca8a/window/rect[39m
[35m[HTTP][39m [90m{}[39m
[35m[HTTP][39m [37m<-- GET /wd/hub/session/f8af83cf-7130-47b0-b6ad-f9dfb076ca8a/window/rect [39m[32m200[39m [90m8 ms - 50[39m
[35m[HTTP][39m [90m[39m
[35m[HTTP][39m [37m-->[39m [37mPOST[39m [37m/wd/hub/session/f8af83cf-7130-47b0-b6ad-f9dfb076ca8a/elements[39m
[35m[HTTP][39m [90m{"value":"//*[@class = 'android.widget.ImageView' and (@text = '' or . = '')]","using":"xpath"}[39m
[35m[HTTP][39m [37m<-- POST /wd/hub/session/f8af83cf-7130-47b0-b6ad-f9dfb076ca8a/elements [39m[32m200[39m [90m667 ms - 2059[39m
[35m[HTTP][39m [90m[39m
[35m[HTTP][39m [37m-->[39m [37mGET[39m [37m/wd/hub/session/f8af83cf-7130-47b0-b6ad-f9dfb076ca8a/element/00000000-0000-0099-ffff-ffff00000046/rect[39m
[35m[HTTP][39m [90m{}[39m
[35m[W3C (f8af83cf)][39m Driver proxy active, passing request on via HTTP proxy
[35m[WD Proxy][39m Replacing sessionId 92a58391-f6d1-4a02-8267-916e3b197aeb with f8af83cf-7130-47b0-b6ad-f9dfb076ca8a
[35m[HTTP][39m [37m<-- GET /wd/hub/session/f8af83cf-7130-47b0-b6ad-f9dfb076ca8a/element/00000000-0000-0099-ffff-ffff00000046/rect [39m[32m200[39m [90m928 ms - 103[39m
[35m[HTTP][39m [90m[39m
[35m[HTTP][39m [37m-->[39m [37mPOST[39m [37m/wd/hub/session/f8af83cf-7130-47b0-b6ad-f9dfb076ca8a/timeouts[39m
[35m[HTTP][39m [90m{"implicit":30000}[39m
[35m[HTTP][39m [37m<-- POST /wd/hub/session/f8af83cf-7130-47b0-b6ad-f9dfb076ca8a/timeouts [39m[32m200[39m [90m1 ms - 14[39m
[35m[HTTP][39m [90m[39m
[35m[HTTP][39m [37m-->[39m [37mGET[39m [37m/wd/hub/session/f8af83cf-7130-47b0-b6ad-f9dfb076ca8a/element/00000000-0000-0099-ffff-ffff00000046/text[39m
[35m[HTTP][39m [90m{}[39m
[35m[W3C (f8af83cf)][39m Driver proxy active, passing request on via HTTP proxy
[35m[WD Proxy][39m Replacing sessionId 92a58391-f6d1-4a02-8267-916e3b197aeb with f8af83cf-7130-47b0-b6ad-f9dfb076ca8a
[35m[HTTP][39m [37m<-- GET /wd/hub/session/f8af83cf-7130-47b0-b6ad-f9dfb076ca8a/element/00000000-0000-0099-ffff-ffff00000046/text [39m[32m200[39m [90m11 ms - 63[39m
[35m[HTTP][39m [90m[39m
[35m[HTTP][39m [37m-->[39m [37mGET[39m [37m/wd/hub/session/f8af83cf-7130-47b0-b6ad-f9dfb076ca8a/context[39m
[35m[HTTP][39m [90m{}[39m
[35m[HTTP][39m [37m<-- GET /wd/hub/session/f8af83cf-7130-47b0-b6ad-f9dfb076ca8a/context [39m[32m200[39m [90m1 ms - 22[39m
[35m[HTTP][39m [90m[39m
[35m[HTTP][39m [37m-->[39m [37mGET[39m [37m/wd/hub/session/f8af83cf-7130-47b0-b6ad-f9dfb076ca8a/contexts[39m
[35m[HTTP][39m [90m{}[39m
[35m[HTTP][39m [37m<-- GET /wd/hub/session/f8af83cf-7130-47b0-b6ad-f9dfb076ca8a/contexts [39m[32m200[39m [90m261 ms - 119[39m
[35m[HTTP][39m [90m[39m
[35m[HTTP][39m [37m-->[39m [37mPOST[39m [37m/wd/hub/session/f8af83cf-7130-47b0-b6ad-f9dfb076ca8a/context[39m
[35m[HTTP][39m [90m{"name":"NATIVE_APP"}[39m
[35m[HTTP][39m [37m<-- POST /wd/hub/session/f8af83cf-7130-47b0-b6ad-f9dfb076ca8a/context [39m[32m200[39m [90m1 ms - 14[39m
[35m[HTTP][39m [90m[39m
[35m[HTTP][39m [37m-->[39m [37mPOST[39m [37m/wd/hub/session/f8af83cf-7130-47b0-b6ad-f9dfb076ca8a/execute/sync[39m
[35m[HTTP][39m [90m{"args":[],"script":"mobile: getCurrentPackage"}[39m
[35m[AndroidDriver][39m Executing native command 'mobile: getCurrentPackage'
[35m[HTTP][39m [37m<-- POST /wd/hub/session/f8af83cf-7130-47b0-b6ad-f9dfb076ca8a/execute/sync [39m[33m404[39m [90m2 ms - 2972[39m
[35m[HTTP][39m [90m[39m
[35m[HTTP][39m [37m-->[39m [37mGET[39m [37m/wd/hub/session/f8af83cf-7130-47b0-b6ad-f9dfb076ca8a/appium/device/current_package[39m
[35m[HTTP][39m [90m{}[39m
[35m[HTTP][39m [37m<-- GET /wd/hub/session/f8af83cf-7130-47b0-b6ad-f9dfb076ca8a/appium/device/current_package [39m[32m200[39m [90m74 ms - 32[39m
[35m[HTTP][39m [90m[39m
[35m[HTTP][39m [37m-->[39m [37mPOST[39m [37m/wd/hub/session/f8af83cf-7130-47b0-b6ad-f9dfb076ca8a/execute/sync[39m
[35m[HTTP][39m [90m{"args":[{"appId":"com.nextsix.property","bundleId":"com.nextsix.property"}],"script":"mobile: terminateApp"}[39m
[35m[AndroidDriver][39m Executing native command 'mobile: terminateApp'
[35m[HTTP][39m [37m<-- POST /wd/hub/session/f8af83cf-7130-47b0-b6ad-f9dfb076ca8a/execute/sync [39m[33m404[39m [90m4 ms - 2962[39m
[35m[HTTP][39m [90m[39m
[35m[HTTP][39m [37m-->[39m [37mPOST[39m [37m/wd/hub/session/f8af83cf-7130-47b0-b6ad-f9dfb076ca8a/appium/device/terminate_app[39m
[35m[HTTP][39m [90m{"bundleId":"com.nextsix.property"}[39m
[35m[AndroidDriver][39m Terminating 'com.nextsix.property'
[35m[AndroidDriver][39m Querying the state of 'com.nextsix.property'
[35m[AndroidDriver][39m 'com.nextsix.property' has been successfully terminated
[35m[HTTP][39m [37m<-- POST /wd/hub/session/f8af83cf-7130-47b0-b6ad-f9dfb076ca8a/appium/device/terminate_app [39m[32m200[39m [90m380 ms - 14[39m
[35m[HTTP][39m [90m[39m
[35m[HTTP][39m [37m-->[39m [37mPOST[39m [37m/wd/hub/session/f8af83cf-7130-47b0-b6ad-f9dfb076ca8a/context[39m
[35m[HTTP][39m [90m{"name":"NATIVE_APP"}[39m
[35m[HTTP][39m [37m<-- POST /wd/hub/session/f8af83cf-7130-47b0-b6ad-f9dfb076ca8a/context [39m[32m200[39m [90m1 ms - 14[39m
[35m[HTTP][39m [90m[39m
[35m[HTTP][39m [37m-->[39m [37mDELETE[39m [37m/wd/hub/session/f8af83cf-7130-47b0-b6ad-f9dfb076ca8a[39m
[35m[HTTP][39m [90m{}[39m
[35m[Appium][39m Removing session f8af83cf-7130-47b0-b6ad-f9dfb076ca8a from our master session list
[35m[ADB][39m com.nextsix.property was successfully uninstalled
[35m[UiAutomator2][39m Restoring hidden api policy to the device default configuration
[35m[HTTP][39m [37m<-- DELETE /wd/hub/session/f8af83cf-7130-47b0-b6ad-f9dfb076ca8a [39m[32m200[39m [90m713 ms - 14[39m
[35m[HTTP][39m [90m[39m
